<?xml version="1.0" encoding="UTF-8"?>
<testsuites name="Mocha Tests" time="17.1290" tests="1" failures="0">
  <testsuite name="Root Suite" timestamp="2022-09-17T05:25:41" tests="0" file="cypress\e2e\Features\Cancel.feature" time="0.0000" failures="0">
  </testsuite>
  <testsuite name="cancel" timestamp="2022-09-17T05:25:41" tests="1" time="17.1290" failures="0">
    <testcase name="cancel Canceling the bookings" time="17.1290" classname="Canceling the bookings">
    </testcase>
  </testsuite>
</testsuites>