<?xml version="1.0" encoding="UTF-8"?>
<testsuites name="Mocha Tests" time="21.1380" tests="1" failures="0">
  <testsuite name="Root Suite" timestamp="2022-09-23T14:28:51" tests="0" file="cypress\e2e\Features\RegisterNewUser.feature" time="0.0000" failures="0">
  </testsuite>
  <testsuite name="New User Register" timestamp="2022-09-23T14:28:51" tests="1" time="21.1380" failures="0">
    <testcase name="New User Register Register a new User in Adactin Webpage" time="21.1380" classname="Register a new User in Adactin Webpage">
    </testcase>
  </testsuite>
</testsuites>